2025-01-06 09:06:19,158 [INFO] Activator:176 - 


2025-01-06 09:06:19,164 [INFO] Activator:177 - !SESSION log4j initialized
2025-01-06 09:06:25,772 [INFO] LogOutputStream:77 - [STDOUT_REDIRECT] 
2025-01-06 09:06:27,638 [INFO] ApplicationProperties:184 - Using Application install path: C:\ST\STM32CubeIDE_1.17.0\STM32CubeIDE\plugins\com.st.stm32cube.common.mx_6.13.0.202411220809
2025-01-06 09:06:27,659 [INFO] DbMcusXml:78 - Set database path to: C:\ST\STM32CubeIDE_1.17.0\STM32CubeIDE\plugins\com.st.stm32cube.common.mx_6.13.0.202411220809\\db\/mcu/
2025-01-06 09:06:27,660 [INFO] ApiDb:274 - Set plugin database path to: C:\ST\STM32CubeIDE_1.17.0\STM32CubeIDE\plugins\com.st.stm32cube.common.mx_6.13.0.202411220809\\db\/plugins/boardmanager/
2025-01-06 09:06:27,660 [WARN] ApiDb:259 - Overriding images path with different value:  => C:\ST\STM32CubeIDE_1.17.0\STM32CubeIDE\plugins\com.st.stm32cube.common.mx_6.13.0.202411220809\\db\/plugins/mcufinder/images/
2025-01-06 09:06:27,669 [INFO] ApiDb:250 - Set database path to: C:\Users\Admin.ONTPC12\.stmcufinder\plugins\mcufinder//mcu/
2025-01-06 09:06:27,670 [INFO] DbMcusAds:125 - Set database path to: C:\Users\Admin.ONTPC12\.stmcufinder\plugins\mcufinder//mcu/
2025-01-06 09:06:27,673 [INFO] CrossReferenceDbSqlite:203 - Set database path to: C:\Users\Admin.ONTPC12\.stmcufinder\plugins\mcufinder//mcu/cs/
2025-01-06 09:06:27,799 [INFO] RulesReader:64 - Compatibility file has been processed (297 Rules)
2025-01-06 09:06:27,884 [INFO] DbMcusXml:78 - Set database path to: C:\ST\STM32CubeIDE_1.17.0\STM32CubeIDE\plugins\com.st.stm32cube.common.mx_6.13.0.202411220809\\db\/mcu/
2025-01-06 09:06:27,884 [INFO] ApiDb:274 - Set plugin database path to: C:\ST\STM32CubeIDE_1.17.0\STM32CubeIDE\plugins\com.st.stm32cube.common.mx_6.13.0.202411220809\\db\/plugins/boardmanager/
2025-01-06 09:06:27,884 [INFO] ApiDb:261 - Set plugin images path to: C:\ST\STM32CubeIDE_1.17.0\STM32CubeIDE\plugins\com.st.stm32cube.common.mx_6.13.0.202411220809\\db\/plugins/mcufinder/images/
2025-01-06 09:06:27,885 [WARN] DbFile:41 - Overriding database path with different value: C:\Users\Admin.ONTPC12\.stmcufinder\plugins\mcufinder/ => C:\Users\Admin.ONTPC12\.stmcufinder\plugins\mcufinder
2025-01-06 09:06:27,885 [INFO] ApiDb:250 - Set database path to: C:\Users\Admin.ONTPC12\.stmcufinder\plugins\mcufinder//mcu/
2025-01-06 09:06:27,885 [WARN] DbFile:41 - Overriding database path with different value: C:\Users\Admin.ONTPC12\.stmcufinder\plugins\mcufinder/ => C:\Users\Admin.ONTPC12\.stmcufinder\plugins\mcufinder
2025-01-06 09:06:27,885 [INFO] DbMcusAds:125 - Set database path to: C:\Users\Admin.ONTPC12\.stmcufinder\plugins\mcufinder//mcu/
2025-01-06 09:06:27,885 [WARN] DbFile:41 - Overriding database path with different value: C:\Users\Admin.ONTPC12\.stmcufinder\plugins\mcufinder/ => C:\Users\Admin.ONTPC12\.stmcufinder\plugins\mcufinder
2025-01-06 09:06:27,885 [WARN] DbFile:41 - Overriding database path with different value: C:\Users\Admin.ONTPC12\.stmcufinder\plugins\mcufinder/ => C:\Users\Admin.ONTPC12\.stmcufinder\plugins\mcufinder
2025-01-06 09:06:27,885 [INFO] CrossReferenceDbSqlite:203 - Set database path to: C:\Users\Admin.ONTPC12\.stmcufinder\plugins\mcufinder//mcu/cs/
2025-01-06 09:06:27,964 [INFO] MainPanel:272 - HeapMemory: 268435456
2025-01-06 09:06:28,081 [INFO] DbMcusXml:78 - Set database path to: C:\ST\STM32CubeIDE_1.17.0\STM32CubeIDE\plugins\com.st.stm32cube.common.mx_6.13.0.202411220809\\db\/mcu/
2025-01-06 09:06:28,081 [INFO] ApiDb:274 - Set plugin database path to: C:\ST\STM32CubeIDE_1.17.0\STM32CubeIDE\plugins\com.st.stm32cube.common.mx_6.13.0.202411220809\\db\/plugins/boardmanager/
2025-01-06 09:06:28,081 [INFO] ApiDb:261 - Set plugin images path to: C:\ST\STM32CubeIDE_1.17.0\STM32CubeIDE\plugins\com.st.stm32cube.common.mx_6.13.0.202411220809\\db\/plugins/mcufinder/images/
2025-01-06 09:06:28,082 [WARN] DbFile:41 - Overriding database path with different value: C:\Users\Admin.ONTPC12\.stmcufinder\plugins\mcufinder/ => C:\Users\Admin.ONTPC12\.stmcufinder\plugins\mcufinder
2025-01-06 09:06:28,082 [INFO] ApiDb:250 - Set database path to: C:\Users\Admin.ONTPC12\.stmcufinder\plugins\mcufinder//mcu/
2025-01-06 09:06:28,082 [WARN] DbFile:41 - Overriding database path with different value: C:\Users\Admin.ONTPC12\.stmcufinder\plugins\mcufinder/ => C:\Users\Admin.ONTPC12\.stmcufinder\plugins\mcufinder
2025-01-06 09:06:28,082 [INFO] DbMcusAds:125 - Set database path to: C:\Users\Admin.ONTPC12\.stmcufinder\plugins\mcufinder//mcu/
2025-01-06 09:06:28,082 [WARN] DbFile:41 - Overriding database path with different value: C:\Users\Admin.ONTPC12\.stmcufinder\plugins\mcufinder/ => C:\Users\Admin.ONTPC12\.stmcufinder\plugins\mcufinder
2025-01-06 09:06:28,082 [WARN] DbFile:41 - Overriding database path with different value: C:\Users\Admin.ONTPC12\.stmcufinder\plugins\mcufinder/ => C:\Users\Admin.ONTPC12\.stmcufinder\plugins\mcufinder
2025-01-06 09:06:28,082 [INFO] CrossReferenceDbSqlite:203 - Set database path to: C:\Users\Admin.ONTPC12\.stmcufinder\plugins\mcufinder//mcu/cs/
2025-01-06 09:06:28,101 [INFO] ApplicationProperties:184 - Using Application install path: C:\ST\STM32CubeIDE_1.17.0\STM32CubeIDE\plugins\com.st.stm32cube.common.mx_6.13.0.202411220809
2025-01-06 09:06:28,102 [INFO] PluginManage:196 - Search for loadable plugins [exclusion list=, ]
2025-01-06 09:06:28,103 [INFO] PluginManage:310 - Check plugin analytics
2025-01-06 09:06:28,288 [INFO] AnalyticsPlugin:253 - Accepted Software Licenses: 
2025-01-06 09:06:28,288 [INFO] AnalyticsPlugin:255 - Accepted CMSIS Pack Licenses: 
2025-01-06 09:06:28,288 [INFO] AnalyticsPlugin:257 - Accepted Firmware Licenses: FW.F4.1.28.0
2025-01-06 09:06:28,292 [INFO] PluginManage:359 - Loaded plugin analytics (category:tool,tabindex:-1)
2025-01-06 09:06:28,293 [INFO] PluginManage:310 - Check plugin cadmodel
2025-01-06 09:06:28,313 [INFO] CADModel:105 - Init CAD model plugin
2025-01-06 09:06:28,314 [INFO] PluginManage:359 - Loaded plugin cadmodel (category:power,tabindex:5)
2025-01-06 09:06:28,314 [INFO] PluginManage:310 - Check plugin clock
2025-01-06 09:06:28,338 [INFO] PluginManage:359 - Loaded plugin clock (category:base,tabindex:2)
2025-01-06 09:06:28,338 [INFO] PluginManage:310 - Check plugin ddr
2025-01-06 09:06:28,342 [INFO] PluginManage:359 - Loaded plugin ddr (category:tool,tabindex:6)
2025-01-06 09:06:28,342 [INFO] PluginManage:310 - Check plugin filemanager
2025-01-06 09:06:28,493 [INFO] PluginManage:359 - Loaded plugin filemanager (category:base,tabindex:10)
2025-01-06 09:06:28,494 [INFO] PluginManage:310 - Check plugin ipmanager
2025-01-06 09:06:28,502 [INFO] PluginManage:359 - Loaded plugin ipmanager (category:base,tabindex:5)
2025-01-06 09:06:28,502 [INFO] PluginManage:310 - Check plugin lpbam
2025-01-06 09:06:28,522 [INFO] PluginManage:359 - Loaded plugin lpbam (category:base,tabindex:0)
2025-01-06 09:06:28,522 [INFO] PluginManage:310 - Check plugin memorymap
2025-01-06 09:06:28,550 [INFO] PluginManage:359 - Loaded plugin memorymap (category:base,tabindex:4)
2025-01-06 09:06:28,550 [INFO] PluginManage:310 - Check plugin pinoutandconfiguration
2025-01-06 09:06:28,571 [INFO] PluginManage:359 - Loaded plugin pinoutandconfiguration (category:base,tabindex:1)
2025-01-06 09:06:28,571 [INFO] PluginManage:310 - Check plugin pinoutconfig
2025-01-06 09:06:28,677 [WARN] SupportedApi:132 - Cannot load RTOS API schema: s4s-elt-must-match.1: The content of 'definitions' must match (annotation?, (simpleType | complexType)?, (unique | key | keyref)*)). A problem was found starting at: attribute.
2025-01-06 09:06:28,825 [INFO] PluginManage:359 - Loaded plugin pinoutconfig (category:base,tabindex:0)
2025-01-06 09:06:28,825 [INFO] PluginManage:310 - Check plugin power
2025-01-06 09:06:28,851 [INFO] PluginManage:359 - Loaded plugin power (category:power,tabindex:4)
2025-01-06 09:06:28,851 [INFO] PluginManage:310 - Check plugin projectmanager
2025-01-06 09:06:28,866 [INFO] PluginManage:359 - Loaded plugin projectmanager (category:projectmanager,tabindex:4)
2025-01-06 09:06:28,867 [INFO] PluginManage:310 - Check plugin rif
2025-01-06 09:06:28,888 [INFO] PluginManage:359 - Loaded plugin rif (category:base,tabindex:3)
2025-01-06 09:06:28,888 [INFO] PluginManage:310 - Check plugin thirdparty
2025-01-06 09:06:29,207 [INFO] PluginManage:359 - Loaded plugin thirdparty (category:base,tabindex:-1)
2025-01-06 09:06:29,207 [INFO] PluginManage:310 - Check plugin tools
2025-01-06 09:06:29,206 [WARN] IntegrityCheckThread:84 - waiting for thirdparty lock release [integrity check]
2025-01-06 09:06:29,207 [INFO] IntegrityCheckThread:86 - entering critical section [integrity check]
2025-01-06 09:06:29,208 [INFO] ThirdPartyUpdaterWithRetryManager:70 - Updater plugin not ready yet. [1/15]
2025-01-06 09:06:29,254 [INFO] PluginManage:359 - Loaded plugin tools (category:base,tabindex:7)
2025-01-06 09:06:29,254 [INFO] PluginManage:310 - Check plugin tutovideos
2025-01-06 09:06:29,463 [INFO] PluginManage:359 - Loaded plugin tutovideos (category:base,tabindex:-1)
2025-01-06 09:06:29,463 [INFO] PluginManage:310 - Check plugin updater
2025-01-06 09:06:29,485 [INFO] PluginManage:359 - Loaded plugin updater (category:base,tabindex:12)
2025-01-06 09:06:29,486 [INFO] PluginManage:310 - Check plugin userauth
2025-01-06 09:06:29,490 [INFO] UserAuth:118 - Init User Auth plugin
2025-01-06 09:06:29,491 [INFO] PluginManage:359 - Loaded plugin userauth (category:base,tabindex:14)
2025-01-06 09:06:29,492 [INFO] PluginManage:283 - PluginManage : Loaded plugins [18]
2025-01-06 09:06:29,708 [INFO] PinOutPanel:1589 - setPackage(No Configuration,No Configuration)
2025-01-06 09:06:29,794 [INFO] CADModel:165 - CPN selected for project level
2025-01-06 09:06:29,794 [INFO] CADModel:114 - Register for checkConnection events
2025-01-06 09:06:29,821 [INFO] IPUIPlugin:80 - create IPUIPlugin
2025-01-06 09:06:29,821 [INFO] PluginManager:220 - loadIPPluginJar : add adc
2025-01-06 09:06:29,866 [INFO] IPUIPlugin:80 - create IPUIPlugin
2025-01-06 09:06:29,867 [INFO] PluginManager:220 - loadIPPluginJar : add aes
2025-01-06 09:06:29,915 [INFO] IPUIPlugin:80 - create IPUIPlugin
2025-01-06 09:06:29,915 [INFO] PluginManager:220 - loadIPPluginJar : add can
2025-01-06 09:06:29,942 [INFO] IPUIPlugin:80 - create IPUIPlugin
2025-01-06 09:06:29,942 [INFO] PluginManager:220 - loadIPPluginJar : add comp
2025-01-06 09:06:29,981 [INFO] IPUIPlugin:80 - create IPUIPlugin
2025-01-06 09:06:29,982 [INFO] PluginManager:220 - loadIPPluginJar : add cryp
2025-01-06 09:06:29,996 [INFO] IPUIPlugin:80 - create IPUIPlugin
2025-01-06 09:06:29,996 [INFO] PluginManager:220 - loadIPPluginJar : add ddr_ctrl_phy
2025-01-06 09:06:30,034 [INFO] IPUIPlugin:80 - create IPUIPlugin
2025-01-06 09:06:30,034 [INFO] PluginManager:220 - loadIPPluginJar : add dfsdm
2025-01-06 09:06:30,050 [INFO] IPUIPlugin:80 - create IPUIPlugin
2025-01-06 09:06:30,050 [INFO] PluginManager:220 - loadIPPluginJar : add dma
2025-01-06 09:06:30,096 [INFO] IPUIPlugin:80 - create IPUIPlugin
2025-01-06 09:06:30,096 [INFO] PluginManager:220 - loadIPPluginJar : add dma3
2025-01-06 09:06:30,149 [INFO] IPUIPlugin:80 - create IPUIPlugin
2025-01-06 09:06:30,149 [INFO] PluginManager:220 - loadIPPluginJar : add extmemmanager
2025-01-06 09:06:30,177 [INFO] IPUIPlugin:80 - create IPUIPlugin
2025-01-06 09:06:30,177 [INFO] PluginManager:220 - loadIPPluginJar : add fatfs
2025-01-06 09:06:30,238 [INFO] IPUIPlugin:80 - create IPUIPlugin
2025-01-06 09:06:30,238 [INFO] PluginManager:220 - loadIPPluginJar : add fmc
2025-01-06 09:06:30,257 [INFO] IPUIPlugin:80 - create IPUIPlugin
2025-01-06 09:06:30,257 [INFO] PluginManager:220 - loadIPPluginJar : add freertos
2025-01-06 09:06:30,281 [INFO] IPUIPlugin:80 - create IPUIPlugin
2025-01-06 09:06:30,281 [INFO] PluginManager:220 - loadIPPluginJar : add genericplugin
2025-01-06 09:06:30,394 [INFO] IPUIPlugin:80 - create IPUIPlugin
2025-01-06 09:06:30,394 [INFO] PluginManager:220 - loadIPPluginJar : add gfxmmu
2025-01-06 09:06:30,541 [INFO] IPUIPlugin:80 - create IPUIPlugin
2025-01-06 09:06:30,541 [INFO] PluginManager:220 - loadIPPluginJar : add gic
2025-01-06 09:06:30,558 [INFO] IPUIPlugin:80 - create IPUIPlugin
2025-01-06 09:06:30,558 [INFO] PluginManager:220 - loadIPPluginJar : add gpio
2025-01-06 09:06:30,665 [INFO] IPUIPlugin:80 - create IPUIPlugin
2025-01-06 09:06:30,666 [INFO] PluginManager:220 - loadIPPluginJar : add gtzc
2025-01-06 09:06:30,702 [INFO] IPUIPlugin:80 - create IPUIPlugin
2025-01-06 09:06:30,703 [INFO] PluginManager:220 - loadIPPluginJar : add hash
2025-01-06 09:06:30,765 [INFO] IPUIPlugin:80 - create IPUIPlugin
2025-01-06 09:06:30,765 [INFO] PluginManager:220 - loadIPPluginJar : add i2c
2025-01-06 09:06:30,811 [INFO] IPUIPlugin:80 - create IPUIPlugin
2025-01-06 09:06:30,812 [INFO] PluginManager:220 - loadIPPluginJar : add i2s
2025-01-06 09:06:30,862 [INFO] IPUIPlugin:80 - create IPUIPlugin
2025-01-06 09:06:30,863 [INFO] PluginManager:220 - loadIPPluginJar : add i3c
2025-01-06 09:06:30,985 [INFO] IPUIPlugin:80 - create IPUIPlugin
2025-01-06 09:06:30,985 [INFO] PluginManager:220 - loadIPPluginJar : add ipddr
2025-01-06 09:06:31,090 [INFO] IPUIPlugin:80 - create IPUIPlugin
2025-01-06 09:06:31,090 [INFO] PluginManager:220 - loadIPPluginJar : add linkedlist
2025-01-06 09:06:31,132 [INFO] IPUIPlugin:80 - create IPUIPlugin
2025-01-06 09:06:31,132 [INFO] PluginManager:220 - loadIPPluginJar : add lorawan
2025-01-06 09:06:31,177 [INFO] IPUIPlugin:80 - create IPUIPlugin
2025-01-06 09:06:31,177 [INFO] PluginManager:220 - loadIPPluginJar : add ltdc
2025-01-06 09:06:31,193 [INFO] IPUIPlugin:80 - create IPUIPlugin
2025-01-06 09:06:31,193 [INFO] PluginManager:220 - loadIPPluginJar : add mdma
2025-01-06 09:06:31,208 [INFO] IPUIPlugin:80 - create IPUIPlugin
2025-01-06 09:06:31,208 [INFO] PluginManager:220 - loadIPPluginJar : add nvic
2025-01-06 09:06:31,259 [INFO] IPUIPlugin:80 - create IPUIPlugin
2025-01-06 09:06:31,259 [INFO] PluginManager:220 - loadIPPluginJar : add opamp
2025-01-06 09:06:31,332 [INFO] IPUIPlugin:80 - create IPUIPlugin
2025-01-06 09:06:31,332 [INFO] PluginManager:220 - loadIPPluginJar : add openamp
2025-01-06 09:06:31,383 [INFO] IPUIPlugin:80 - create IPUIPlugin
2025-01-06 09:06:31,383 [INFO] PluginManager:220 - loadIPPluginJar : add pdm2pcm
2025-01-06 09:06:31,399 [INFO] IPUIPlugin:80 - create IPUIPlugin
2025-01-06 09:06:31,401 [INFO] PluginManager:220 - loadIPPluginJar : add plateformsettings
2025-01-06 09:06:31,428 [INFO] IPUIPlugin:80 - create IPUIPlugin
2025-01-06 09:06:31,428 [INFO] PluginManager:220 - loadIPPluginJar : add quadspi
2025-01-06 09:06:31,458 [INFO] IPUIPlugin:80 - create IPUIPlugin
2025-01-06 09:06:31,459 [INFO] PluginManager:220 - loadIPPluginJar : add radio
2025-01-06 09:06:31,473 [INFO] IPUIPlugin:80 - create IPUIPlugin
2025-01-06 09:06:31,473 [INFO] PluginManager:220 - loadIPPluginJar : add resmgrutility
2025-01-06 09:06:31,530 [INFO] IPUIPlugin:80 - create IPUIPlugin
2025-01-06 09:06:31,530 [INFO] PluginManager:220 - loadIPPluginJar : add sai
2025-01-06 09:06:31,573 [INFO] IPUIPlugin:80 - create IPUIPlugin
2025-01-06 09:06:31,573 [INFO] PluginManager:220 - loadIPPluginJar : add spi
2025-01-06 09:06:31,655 [INFO] IPUIPlugin:80 - create IPUIPlugin
2025-01-06 09:06:31,655 [INFO] PluginManager:220 - loadIPPluginJar : add stm32_wpan
2025-01-06 09:06:31,683 [INFO] IPUIPlugin:80 - create IPUIPlugin
2025-01-06 09:06:31,683 [INFO] PluginManager:220 - loadIPPluginJar : add tim
2025-01-06 09:06:31,752 [INFO] IPUIPlugin:80 - create IPUIPlugin
2025-01-06 09:06:31,752 [INFO] PluginManager:220 - loadIPPluginJar : add touchsensing
2025-01-06 09:06:31,779 [INFO] IPUIPlugin:80 - create IPUIPlugin
2025-01-06 09:06:31,779 [INFO] PluginManager:220 - loadIPPluginJar : add tracer_emb
2025-01-06 09:06:31,807 [INFO] IPUIPlugin:80 - create IPUIPlugin
2025-01-06 09:06:31,808 [INFO] PluginManager:220 - loadIPPluginJar : add ts
2025-01-06 09:06:31,834 [INFO] IPUIPlugin:80 - create IPUIPlugin
2025-01-06 09:06:31,834 [INFO] PluginManager:220 - loadIPPluginJar : add tsc
2025-01-06 09:06:31,860 [INFO] IPUIPlugin:80 - create IPUIPlugin
2025-01-06 09:06:31,860 [INFO] PluginManager:220 - loadIPPluginJar : add ucpd
2025-01-06 09:06:31,916 [INFO] IPUIPlugin:80 - create IPUIPlugin
2025-01-06 09:06:31,917 [INFO] PluginManager:220 - loadIPPluginJar : add usart
2025-01-06 09:06:31,966 [INFO] IPUIPlugin:80 - create IPUIPlugin
2025-01-06 09:06:31,966 [INFO] PluginManager:220 - loadIPPluginJar : add usbx
2025-01-06 09:06:32,093 [FATAL] Updater:351 - Updater called before beeing initialized
2025-01-06 09:06:32,117 [INFO] RulesReader:64 - Compatibility file has been processed (297 Rules)
2025-01-06 09:06:32,127 [INFO] RulesReader:64 - Compatibility file has been processed (297 Rules)
2025-01-06 09:06:32,134 [INFO] CADModel:165 - CPN selected for project level
2025-01-06 09:06:32,134 [INFO] CADModel:114 - Register for checkConnection events
2025-01-06 09:06:32,134 [FATAL] Updater:351 - Updater called before beeing initialized
2025-01-06 09:06:32,134 [ERROR] CADModel:125 - Updater not yet initialized, retry later 
2025-01-06 09:06:32,217 [INFO] ThirdPartyUpdaterWithRetryManager:70 - Updater plugin not ready yet. [2/15]
2025-01-06 09:06:32,292 [FATAL] Updater:351 - Updater called before beeing initialized
2025-01-06 09:06:32,295 [INFO] CADModel:165 - CPN selected for project level
2025-01-06 09:06:32,295 [INFO] CADModel:114 - Register for checkConnection events
2025-01-06 09:06:32,295 [FATAL] Updater:351 - Updater called before beeing initialized
2025-01-06 09:06:32,295 [ERROR] CADModel:125 - Updater not yet initialized, retry later 
2025-01-06 09:06:32,299 [FATAL] Updater:351 - Updater called before beeing initialized
2025-01-06 09:06:32,406 [FATAL] Updater:351 - Updater called before beeing initialized
2025-01-06 09:06:32,417 [INFO] DbMcusAds:53 - JSON generation date=Tue Dec 17 16:01:15 WET 2024 (1734451275222)
2025-01-06 09:06:32,417 [FATAL] Updater:351 - Updater called before beeing initialized
2025-01-06 09:06:32,459 [WARN] DetailPanel:346 - Failed to get advertising image, set to default
2025-01-06 09:06:32,705 [FATAL] Updater:351 - Updater called before beeing initialized
2025-01-06 09:06:32,708 [FATAL] Updater:351 - Updater called before beeing initialized
2025-01-06 09:06:32,708 [FATAL] Updater:351 - Updater called before beeing initialized
2025-01-06 09:06:32,708 [WARN] DetailPanel:346 - Failed to get advertising image, set to default
2025-01-06 09:06:32,709 [FATAL] Updater:351 - Updater called before beeing initialized
2025-01-06 09:06:32,771 [ERROR] Updater:1198 - MainUpdater not yet initialized. External WinMGr cannot be set.
2025-01-06 09:06:32,782 [INFO] Updater:1134 - Updater Version found : 6.13.0
2025-01-06 09:06:32,801 [INFO] ApplicationProperties:184 - Using Application install path: C:\ST\STM32CubeIDE_1.17.0\STM32CubeIDE\plugins\com.st.stm32cube.common.mx_6.13.0.202411220809
2025-01-06 09:06:34,412 [ERROR] LogOutputStream:75 - [STDERR_REDIRECT] Jan 06, 2025 9:06:34 AM java.util.prefs.WindowsPreferences <init>
2025-01-06 09:06:34,413 [ERROR] LogOutputStream:75 - [STDERR_REDIRECT] WARNING: Could not open/create prefs root node Software\JavaSoft\Prefs at root 0xffffffff80000002. Windows RegCreateKeyEx(...) returned error code 5.
2025-01-06 09:06:34,413 [ERROR] LogOutputStream:75 - [STDERR_REDIRECT] 
2025-01-06 09:06:34,761 [INFO] MainUpdater:2872 - connection check result : 10
2025-01-06 09:06:34,762 [INFO] MainUpdater:289 - Updater Check For Update Now.
2025-01-06 09:06:34,762 [INFO] MicroXplorer:498 - Change Database Version : DB.6.0.130
2025-01-06 09:06:34,777 [INFO] McuFinderGlobals:63 - Set McuFinder mode to 2 (CubeIDE integrated)
2025-01-06 09:06:34,786 [INFO] UserAuth:486 - Internet connection configuration mode: 1
2025-01-06 09:06:34,818 [INFO] JxBrowserEngine:152 - Initiate JxBrowser Engine with user profile folder
2025-01-06 09:06:35,057 [INFO] CheckServerUpdateThread:120 - End of CheckServer Thread
2025-01-06 09:06:36,720 [WARN] PackLoader:240 - Cannot read IP mode file for STMicroelectronics.FP-SNS-MOTENVWB1.1.4.0
2025-01-06 09:06:36,741 [WARN] PackLoader:240 - Cannot read IP mode file for STMicroelectronics.FP-ATR-ASTRA1.2.0.1
2025-01-06 09:06:36,760 [WARN] PackLoader:240 - Cannot read IP mode file for STMicroelectronics.X-CUBE-SMBUS.2.1.0
2025-01-06 09:06:36,788 [WARN] PackLoader:240 - Cannot read IP mode file for STMicroelectronics.X-CUBE-WB05N.1.1.0
2025-01-06 09:06:36,834 [WARN] PackLoader:240 - Cannot read IP mode file for STMicroelectronics.X-CUBE-AZRTOS-F7.1.1.0
2025-01-06 09:06:37,113 [WARN] PackLoader:240 - Cannot read IP mode file for STMicroelectronics.X-CUBE-MEMS1.11.0.0
2025-01-06 09:06:37,515 [WARN] PackLoader:240 - Cannot read IP mode file for STMicroelectronics.FP-SNS-FLIGHT1.5.0.2
2025-01-06 09:06:37,594 [WARN] PackLoader:240 - Cannot read IP mode file for Infineon.AIROC-Wi-Fi-Bluetooth-STM32.1.7.0
2025-01-06 09:06:37,640 [WARN] PackLoader:240 - Cannot read IP mode file for STMicroelectronics.X-CUBE-DISPLAY.3.0.0
2025-01-06 09:06:37,679 [WARN] PackLoader:240 - Cannot read IP mode file for STMicroelectronics.X-CUBE-BLE1.7.0.0
2025-01-06 09:06:37,698 [WARN] PackLoader:240 - Cannot read IP mode file for STMicroelectronics.X-CUBE-NFC10.1.0.0
2025-01-06 09:06:37,726 [WARN] PackLoader:240 - Cannot read IP mode file for STMicroelectronics.X-CUBE-BLEMGR.4.0.0
2025-01-06 09:06:37,748 [WARN] PackLoader:240 - Cannot read IP mode file for emotas.I-CUBE-CANOPEN.1.3.0
2025-01-06 09:06:37,827 [WARN] PackLoader:240 - Cannot read IP mode file for STMicroelectronics.X-CUBE-BLEMGR.3.1.0
2025-01-06 09:06:37,848 [WARN] PackLoader:240 - Cannot read IP mode file for STMicroelectronics.FP-SNS-SMARTAG2.1.2.0
2025-01-06 09:06:37,895 [INFO] WebApp:168 - Instantiating new browser for Auth
2025-01-06 09:06:38,035 [WARN] PackLoader:240 - Cannot read IP mode file for STMicroelectronics.X-CUBE-MEMS1.11.1.0
2025-01-06 09:06:38,275 [INFO] LogOutputStream:77 - [STDOUT_REDIRECT] 1 : Invalid condition id : UX_CORESTACK_Condition cause : null
2025-01-06 09:06:38,276 [INFO] LogOutputStream:77 - [STDOUT_REDIRECT] 1 : Invalid condition id : UX_CORESTACK_Condition cause : null
2025-01-06 09:06:38,279 [INFO] LogOutputStream:77 - [STDOUT_REDIRECT] 1 : Invalid condition id : UX_CORESTACK_Condition cause : null
2025-01-06 09:06:38,280 [INFO] LogOutputStream:77 - [STDOUT_REDIRECT] 1 : Invalid condition id : UX_CORESTACK_Condition cause : null
2025-01-06 09:06:38,281 [INFO] LogOutputStream:77 - [STDOUT_REDIRECT] 1 : Invalid condition id : UX_CORESTACK_Condition cause : null
2025-01-06 09:06:38,284 [WARN] PackLoader:240 - Cannot read IP mode file for STMicroelectronics.X-CUBE-AZRTOS-WL.2.0.0
2025-01-06 09:06:38,307 [WARN] PackLoader:240 - Cannot read IP mode file for STMicroelectronics.FP-SNS-MOTENV1.5.0.0
2025-01-06 09:06:38,333 [WARN] PackLoader:240 - Cannot read IP mode file for wolfSSL.I-CUBE-wolfMQTT.1.19.0
2025-01-06 09:06:38,350 [WARN] PackLoader:240 - Cannot read IP mode file for WES.I-CUBE-Cesium.1.3.0
2025-01-06 09:06:38,367 [WARN] PackLoader:240 - Cannot read IP mode file for STMicroelectronics.X-CUBE-BLE2.3.3.0
2025-01-06 09:06:38,384 [WARN] PackLoader:240 - Cannot read IP mode file for STMicroelectronics.X-CUBE-NFC9.1.0.0
2025-01-06 09:06:38,401 [WARN] PackLoader:240 - Cannot read IP mode file for STMicroelectronics.X-CUBE-TCPP.4.1.0
2025-01-06 09:06:38,432 [WARN] PackLoader:240 - Cannot read IP mode file for STMicroelectronics.X-CUBE-AZRTOS-G0.1.1.0
2025-01-06 09:06:38,455 [WARN] PackLoader:240 - Cannot read IP mode file for STMicroelectronics.X-CUBE-SAFEA1.1.2.2
2025-01-06 09:06:38,472 [WARN] PackLoader:240 - Cannot read IP mode file for STMicroelectronics.X-CUBE-NFC4.3.0.0
2025-01-06 09:06:38,499 [WARN] PackLoader:240 - Cannot read IP mode file for EmbeddedOffice.I-CUBE-FS-RTOS.1.0.1
2025-01-06 09:06:38,563 [WARN] PackLoader:240 - Cannot read IP mode file for STMicroelectronics.X-CUBE-TCPP.4.2.0
2025-01-06 09:06:38,606 [WARN] PackLoader:240 - Cannot read IP mode file for RealThread.X-CUBE-RT-Thread_Nano.4.1.1
2025-01-06 09:06:38,621 [WARN] PackLoader:240 - Cannot read IP mode file for STMicroelectronics.FP-ATR-SIGFOX1.3.2.0
2025-01-06 09:06:38,635 [WARN] ConditionMgr:438 - getConditionDescription Invalid condition id : Cortex-A Device cause : null
2025-01-06 09:06:38,664 [WARN] ConditionMgr:1044 - genDependencies : Invalid condition id : Cortex-A Device cause : null
2025-01-06 09:06:38,664 [WARN] ConditionMgr:1044 - genDependencies : Invalid condition id : Cortex-A Device cause : null
2025-01-06 09:06:38,664 [WARN] ConditionMgr:1044 - genDependencies : Invalid condition id : Cortex-A Device cause : null
2025-01-06 09:06:38,680 [WARN] PackLoader:240 - Cannot read IP mode file for STMicroelectronics.X-CUBE-EEPRMA1.5.1.0
2025-01-06 09:06:38,694 [WARN] PackLoader:240 - Cannot read IP mode file for wolfSSL.I-CUBE-wolfSSL.5.7.4
2025-01-06 09:06:38,712 [WARN] PackLoader:240 - Cannot read IP mode file for ITTIA_DB.I-CUBE-ITTIADB.8.9.0
2025-01-06 09:06:38,802 [WARN] PackLoader:240 - Cannot read IP mode file for SEGGER.I-CUBE-embOS.1.3.1
2025-01-06 09:06:38,890 [WARN] PackLoader:240 - Cannot read IP mode file for STMicroelectronics.X-CUBE-ALGOBUILD.1.4.0
2025-01-06 09:06:38,951 [WARN] PackLoader:240 - Cannot read IP mode file for STMicroelectronics.X-CUBE-AI.9.1.0
2025-01-06 09:06:39,023 [WARN] PackLoader:240 - Cannot read IP mode file for STMicroelectronics.X-CUBE-AZRTOS-F4.1.1.0
2025-01-06 09:06:39,059 [WARN] PackLoader:240 - Cannot read IP mode file for STMicroelectronics.X-CUBE-ISPU.2.1.0
2025-01-06 09:06:39,091 [INFO] WebApp:449 - Apply proxy settings
2025-01-06 09:06:39,091 [INFO] WebApp:534 - Chromium requires no authentication
2025-01-06 09:06:39,107 [INFO] WebApp:477 - Direct internet connection detected
2025-01-06 09:06:39,143 [WARN] PackLoader:240 - Cannot read IP mode file for STMicroelectronics.X-CUBE-FREERTOS.1.2.0
2025-01-06 09:06:39,149 [INFO] WebApp:880 - Register for checkConnection events
2025-01-06 09:06:39,149 [INFO] WebApp:449 - Apply proxy settings
2025-01-06 09:06:39,150 [INFO] WebApp:534 - Chromium requires no authentication
2025-01-06 09:06:39,151 [INFO] WebApp:477 - Direct internet connection detected
2025-01-06 09:06:39,232 [WARN] PackLoader:240 - Cannot read IP mode file for STMicroelectronics.X-CUBE-AZRTOS-L5.2.0.0
2025-01-06 09:06:39,270 [WARN] PackLoader:240 - Cannot read IP mode file for STMicroelectronics.X-CUBE-NFC6.3.1.0
2025-01-06 09:06:39,288 [WARN] PackLoader:240 - Cannot read IP mode file for STMicroelectronics.X-CUBE-DPower.1.2.0
2025-01-06 09:06:39,302 [WARN] PackLoader:240 - Cannot read IP mode file for STMicroelectronics.X-CUBE-FREERTOS.1.3.0
2025-01-06 09:06:39,317 [WARN] PackLoader:240 - Cannot read IP mode file for STMicroelectronics.X-CUBE-NFC7.1.0.1
2025-01-06 09:06:39,392 [WARN] ConditionMgr:438 - getConditionDescription Invalid condition id : LAN8742 Phy interface Condition cause : null
2025-01-06 09:06:39,394 [WARN] PackLoader:240 - Cannot read IP mode file for STMicroelectronics.X-CUBE-AZRTOS-L4.2.0.0
2025-01-06 09:06:39,395 [WARN] ConditionMgr:1044 - genDependencies : Invalid condition id : LAN8742 Phy interface Condition cause : null
2025-01-06 09:06:39,396 [WARN] ConditionMgr:1044 - genDependencies : Invalid condition id : LAN8742 Phy interface Condition cause : null
2025-01-06 09:06:39,396 [WARN] ConditionMgr:1044 - genDependencies : Invalid condition id : LAN8742 Phy interface Condition cause : null
2025-01-06 09:06:39,414 [WARN] PackLoader:240 - Cannot read IP mode file for STMicroelectronics.X-CUBE-SFXS2LP1.4.0.0
2025-01-06 09:06:39,448 [WARN] PackLoader:240 - Cannot read IP mode file for STMicroelectronics.X-CUBE-AZRTOS-H7.3.3.0
2025-01-06 09:06:39,492 [WARN] PackLoader:240 - Cannot read IP mode file for STMicroelectronics.X-CUBE-IPS.3.0.0
2025-01-06 09:06:39,553 [WARN] ConditionMgr:438 - getConditionDescription Invalid condition id : UX DEVICE CLASS RTOS Condition cause : null
2025-01-06 09:06:39,553 [WARN] ConditionMgr:438 - getConditionDescription Invalid condition id : UX DEVICE CLASS RTOS Condition cause : null
2025-01-06 09:06:39,557 [WARN] PackLoader:240 - Cannot read IP mode file for STMicroelectronics.X-CUBE-AZRTOS-WB.2.0.0
2025-01-06 09:06:39,558 [WARN] ConditionMgr:1044 - genDependencies : Invalid condition id : UX DEVICE CLASS RTOS Condition cause : null
2025-01-06 09:06:39,558 [WARN] ConditionMgr:1044 - genDependencies : Invalid condition id : UX DEVICE CLASS RTOS Condition cause : null
2025-01-06 09:06:39,558 [WARN] ConditionMgr:1044 - genDependencies : Invalid condition id : UX DEVICE CLASS RTOS Condition cause : null
2025-01-06 09:06:39,559 [WARN] ConditionMgr:1044 - genDependencies : Invalid condition id : UX DEVICE CLASS RTOS Condition cause : null
2025-01-06 09:06:39,559 [WARN] ConditionMgr:1044 - genDependencies : Invalid condition id : UX DEVICE CLASS RTOS Condition cause : null
2025-01-06 09:06:39,577 [WARN] PackLoader:240 - Cannot read IP mode file for STMicroelectronics.X-CUBE-GNSS1.7.0.0
2025-01-06 09:06:39,595 [WARN] PackLoader:240 - Cannot read IP mode file for STMicroelectronics.X-CUBE-GNSS1.7.0.1
2025-01-06 09:06:39,674 [WARN] PackLoader:240 - Cannot read IP mode file for STMicroelectronics.FP-SNS-STBOX1.2.0.0
2025-01-06 09:06:39,734 [WARN] PackLoader:240 - Cannot read IP mode file for STMicroelectronics.X-CUBE-SUBG2.5.0.0
2025-01-06 09:06:39,754 [WARN] PackLoader:240 - Cannot read IP mode file for Cesanta.I-CUBE-Mongoose.7.13.0
2025-01-06 09:06:39,780 [WARN] PackLoader:240 - Cannot read IP mode file for STMicroelectronics.X-CUBE-AZRTOS-G4.2.0.0
2025-01-06 09:06:39,796 [WARN] PackLoader:240 - Cannot read IP mode file for STMicroelectronics.X-CUBE-ALS.1.0.2
2025-01-06 09:06:39,832 [WARN] PackLoader:240 - Cannot read IP mode file for STMicroelectronics.X-CUBE-TOUCHGFX.4.24.1
2025-01-06 09:06:39,837 [INFO] WebApp:221 - Starting web application
2025-01-06 09:06:39,837 [INFO] WebApp:579 - Web application path used C:\ST\STM32CubeIDE_1.17.0\STM32CubeIDE\plugins\com.st.stm32cube.common.mx_6.13.0.202411220809\db\plugins\mcufinder\reactClient1\index.html
2025-01-06 09:06:39,885 [INFO] WebApp:187 - Connection restablished
2025-01-06 09:06:39,888 [WARN] PackLoader:240 - Cannot read IP mode file for wolfSSL.I-CUBE-wolfTPM.3.4.0
2025-01-06 09:06:39,945 [WARN] PackLoader:240 - Cannot read IP mode file for portGmbH.I-Cube-SoM-uGOAL.1.1.0
2025-01-06 09:06:40,094 [WARN] PackLoader:240 - Cannot read IP mode file for STMicroelectronics.X-CUBE-AZRTOS-H7RS.1.0.0
2025-01-06 09:06:40,214 [INFO] UserAuth:486 - Internet connection configuration mode: 1
2025-01-06 09:06:40,324 [WARN] PackLoader:240 - Cannot read IP mode file for STMicroelectronics.X-CUBE-TOF1.3.4.2
2025-01-06 09:06:40,353 [WARN] PackLoader:240 - Cannot read IP mode file for wolfSSL.I-CUBE-wolfSSH.1.4.17
2025-01-06 09:06:40,353 [INFO] ThirdParty:978 - Integrity check success = true
2025-01-06 09:06:40,353 [INFO] IntegrityCheckThread:100 - exiting critical section [integrity check]
2025-01-06 09:06:40,353 [INFO] IntegrityCheckThread:103 - End integrity checks thread
2025-01-06 09:13:30,377 [INFO] Activator:176 - 


2025-01-06 09:13:30,380 [INFO] Activator:177 - !SESSION log4j initialized
2025-01-06 09:13:32,910 [INFO] LogOutputStream:77 - [STDOUT_REDIRECT] 
2025-01-06 09:13:37,312 [INFO] ApplicationProperties:184 - Using Application install path: C:\ST\STM32CubeIDE_1.17.0\STM32CubeIDE\plugins\com.st.stm32cube.common.mx_6.13.0.202411220809
2025-01-06 09:13:37,331 [INFO] DbMcusXml:78 - Set database path to: C:\ST\STM32CubeIDE_1.17.0\STM32CubeIDE\plugins\com.st.stm32cube.common.mx_6.13.0.202411220809\\db\/mcu/
2025-01-06 09:13:37,331 [INFO] ApiDb:274 - Set plugin database path to: C:\ST\STM32CubeIDE_1.17.0\STM32CubeIDE\plugins\com.st.stm32cube.common.mx_6.13.0.202411220809\\db\/plugins/boardmanager/
2025-01-06 09:13:37,332 [WARN] ApiDb:259 - Overriding images path with different value:  => C:\ST\STM32CubeIDE_1.17.0\STM32CubeIDE\plugins\com.st.stm32cube.common.mx_6.13.0.202411220809\\db\/plugins/mcufinder/images/
2025-01-06 09:13:37,341 [INFO] ApiDb:250 - Set database path to: C:\Users\Admin.ONTPC12\.stmcufinder\plugins\mcufinder//mcu/
2025-01-06 09:13:37,343 [INFO] DbMcusAds:125 - Set database path to: C:\Users\Admin.ONTPC12\.stmcufinder\plugins\mcufinder//mcu/
2025-01-06 09:13:37,346 [INFO] CrossReferenceDbSqlite:203 - Set database path to: C:\Users\Admin.ONTPC12\.stmcufinder\plugins\mcufinder//mcu/cs/
2025-01-06 09:13:37,465 [INFO] RulesReader:64 - Compatibility file has been processed (297 Rules)
2025-01-06 09:13:37,552 [INFO] DbMcusXml:78 - Set database path to: C:\ST\STM32CubeIDE_1.17.0\STM32CubeIDE\plugins\com.st.stm32cube.common.mx_6.13.0.202411220809\\db\/mcu/
2025-01-06 09:13:37,552 [INFO] ApiDb:274 - Set plugin database path to: C:\ST\STM32CubeIDE_1.17.0\STM32CubeIDE\plugins\com.st.stm32cube.common.mx_6.13.0.202411220809\\db\/plugins/boardmanager/
2025-01-06 09:13:37,552 [INFO] ApiDb:261 - Set plugin images path to: C:\ST\STM32CubeIDE_1.17.0\STM32CubeIDE\plugins\com.st.stm32cube.common.mx_6.13.0.202411220809\\db\/plugins/mcufinder/images/
2025-01-06 09:13:37,552 [WARN] DbFile:41 - Overriding database path with different value: C:\Users\Admin.ONTPC12\.stmcufinder\plugins\mcufinder/ => C:\Users\Admin.ONTPC12\.stmcufinder\plugins\mcufinder
2025-01-06 09:13:37,553 [INFO] ApiDb:250 - Set database path to: C:\Users\Admin.ONTPC12\.stmcufinder\plugins\mcufinder//mcu/
2025-01-06 09:13:37,553 [WARN] DbFile:41 - Overriding database path with different value: C:\Users\Admin.ONTPC12\.stmcufinder\plugins\mcufinder/ => C:\Users\Admin.ONTPC12\.stmcufinder\plugins\mcufinder
2025-01-06 09:13:37,553 [INFO] DbMcusAds:125 - Set database path to: C:\Users\Admin.ONTPC12\.stmcufinder\plugins\mcufinder//mcu/
2025-01-06 09:13:37,553 [WARN] DbFile:41 - Overriding database path with different value: C:\Users\Admin.ONTPC12\.stmcufinder\plugins\mcufinder/ => C:\Users\Admin.ONTPC12\.stmcufinder\plugins\mcufinder
2025-01-06 09:13:37,553 [WARN] DbFile:41 - Overriding database path with different value: C:\Users\Admin.ONTPC12\.stmcufinder\plugins\mcufinder/ => C:\Users\Admin.ONTPC12\.stmcufinder\plugins\mcufinder
2025-01-06 09:13:37,553 [INFO] CrossReferenceDbSqlite:203 - Set database path to: C:\Users\Admin.ONTPC12\.stmcufinder\plugins\mcufinder//mcu/cs/
2025-01-06 09:13:37,631 [INFO] MainPanel:272 - HeapMemory: 268435456
2025-01-06 09:13:37,851 [INFO] DbMcusXml:78 - Set database path to: C:\ST\STM32CubeIDE_1.17.0\STM32CubeIDE\plugins\com.st.stm32cube.common.mx_6.13.0.202411220809\\db\/mcu/
2025-01-06 09:13:37,851 [INFO] ApiDb:274 - Set plugin database path to: C:\ST\STM32CubeIDE_1.17.0\STM32CubeIDE\plugins\com.st.stm32cube.common.mx_6.13.0.202411220809\\db\/plugins/boardmanager/
2025-01-06 09:13:37,851 [INFO] ApiDb:261 - Set plugin images path to: C:\ST\STM32CubeIDE_1.17.0\STM32CubeIDE\plugins\com.st.stm32cube.common.mx_6.13.0.202411220809\\db\/plugins/mcufinder/images/
2025-01-06 09:13:37,852 [WARN] DbFile:41 - Overriding database path with different value: C:\Users\Admin.ONTPC12\.stmcufinder\plugins\mcufinder/ => C:\Users\Admin.ONTPC12\.stmcufinder\plugins\mcufinder
2025-01-06 09:13:37,852 [INFO] ApiDb:250 - Set database path to: C:\Users\Admin.ONTPC12\.stmcufinder\plugins\mcufinder//mcu/
2025-01-06 09:13:37,852 [WARN] DbFile:41 - Overriding database path with different value: C:\Users\Admin.ONTPC12\.stmcufinder\plugins\mcufinder/ => C:\Users\Admin.ONTPC12\.stmcufinder\plugins\mcufinder
2025-01-06 09:13:37,852 [INFO] DbMcusAds:125 - Set database path to: C:\Users\Admin.ONTPC12\.stmcufinder\plugins\mcufinder//mcu/
2025-01-06 09:13:37,852 [WARN] DbFile:41 - Overriding database path with different value: C:\Users\Admin.ONTPC12\.stmcufinder\plugins\mcufinder/ => C:\Users\Admin.ONTPC12\.stmcufinder\plugins\mcufinder
2025-01-06 09:13:37,852 [WARN] DbFile:41 - Overriding database path with different value: C:\Users\Admin.ONTPC12\.stmcufinder\plugins\mcufinder/ => C:\Users\Admin.ONTPC12\.stmcufinder\plugins\mcufinder
2025-01-06 09:13:37,852 [INFO] CrossReferenceDbSqlite:203 - Set database path to: C:\Users\Admin.ONTPC12\.stmcufinder\plugins\mcufinder//mcu/cs/
2025-01-06 09:13:37,874 [INFO] ApplicationProperties:184 - Using Application install path: C:\ST\STM32CubeIDE_1.17.0\STM32CubeIDE\plugins\com.st.stm32cube.common.mx_6.13.0.202411220809
2025-01-06 09:13:37,875 [INFO] PluginManage:196 - Search for loadable plugins [exclusion list=, ]
2025-01-06 09:13:37,877 [INFO] PluginManage:310 - Check plugin analytics
2025-01-06 09:13:38,179 [INFO] AnalyticsPlugin:253 - Accepted Software Licenses: 
2025-01-06 09:13:38,179 [INFO] AnalyticsPlugin:255 - Accepted CMSIS Pack Licenses: 
2025-01-06 09:13:38,179 [INFO] AnalyticsPlugin:257 - Accepted Firmware Licenses: FW.F4.1.28.0
2025-01-06 09:13:38,182 [INFO] PluginManage:359 - Loaded plugin analytics (category:tool,tabindex:-1)
2025-01-06 09:13:38,183 [INFO] PluginManage:310 - Check plugin cadmodel
2025-01-06 09:13:38,205 [INFO] CADModel:105 - Init CAD model plugin
2025-01-06 09:13:38,206 [INFO] PluginManage:359 - Loaded plugin cadmodel (category:power,tabindex:5)
2025-01-06 09:13:38,206 [INFO] PluginManage:310 - Check plugin clock
2025-01-06 09:13:38,230 [INFO] PluginManage:359 - Loaded plugin clock (category:base,tabindex:2)
2025-01-06 09:13:38,231 [INFO] PluginManage:310 - Check plugin ddr
2025-01-06 09:13:38,234 [INFO] PluginManage:359 - Loaded plugin ddr (category:tool,tabindex:6)
2025-01-06 09:13:38,234 [INFO] PluginManage:310 - Check plugin filemanager
2025-01-06 09:13:38,394 [INFO] PluginManage:359 - Loaded plugin filemanager (category:base,tabindex:10)
2025-01-06 09:13:38,394 [INFO] PluginManage:310 - Check plugin ipmanager
2025-01-06 09:13:38,404 [INFO] PluginManage:359 - Loaded plugin ipmanager (category:base,tabindex:5)
2025-01-06 09:13:38,404 [INFO] PluginManage:310 - Check plugin lpbam
2025-01-06 09:13:38,430 [INFO] PluginManage:359 - Loaded plugin lpbam (category:base,tabindex:0)
2025-01-06 09:13:38,430 [INFO] PluginManage:310 - Check plugin memorymap
2025-01-06 09:13:38,462 [INFO] PluginManage:359 - Loaded plugin memorymap (category:base,tabindex:4)
2025-01-06 09:13:38,463 [INFO] PluginManage:310 - Check plugin pinoutandconfiguration
2025-01-06 09:13:38,487 [INFO] PluginManage:359 - Loaded plugin pinoutandconfiguration (category:base,tabindex:1)
2025-01-06 09:13:38,488 [INFO] PluginManage:310 - Check plugin pinoutconfig
2025-01-06 09:13:38,598 [WARN] SupportedApi:132 - Cannot load RTOS API schema: s4s-elt-must-match.1: The content of 'definitions' must match (annotation?, (simpleType | complexType)?, (unique | key | keyref)*)). A problem was found starting at: attribute.
2025-01-06 09:13:38,753 [INFO] PluginManage:359 - Loaded plugin pinoutconfig (category:base,tabindex:0)
2025-01-06 09:13:38,753 [INFO] PluginManage:310 - Check plugin power
2025-01-06 09:13:38,780 [INFO] PluginManage:359 - Loaded plugin power (category:power,tabindex:4)
2025-01-06 09:13:38,780 [INFO] PluginManage:310 - Check plugin projectmanager
2025-01-06 09:13:38,798 [INFO] PluginManage:359 - Loaded plugin projectmanager (category:projectmanager,tabindex:4)
2025-01-06 09:13:38,798 [INFO] PluginManage:310 - Check plugin rif
2025-01-06 09:13:38,820 [INFO] PluginManage:359 - Loaded plugin rif (category:base,tabindex:3)
2025-01-06 09:13:38,821 [INFO] PluginManage:310 - Check plugin thirdparty
2025-01-06 09:13:39,125 [INFO] PluginManage:359 - Loaded plugin thirdparty (category:base,tabindex:-1)
2025-01-06 09:13:39,125 [WARN] IntegrityCheckThread:84 - waiting for thirdparty lock release [integrity check]
2025-01-06 09:13:39,125 [INFO] IntegrityCheckThread:86 - entering critical section [integrity check]
2025-01-06 09:13:39,125 [INFO] PluginManage:310 - Check plugin tools
2025-01-06 09:13:39,126 [INFO] ThirdPartyUpdaterWithRetryManager:70 - Updater plugin not ready yet. [1/15]
2025-01-06 09:13:39,170 [INFO] PluginManage:359 - Loaded plugin tools (category:base,tabindex:7)
2025-01-06 09:13:39,170 [INFO] PluginManage:310 - Check plugin tutovideos
2025-01-06 09:13:39,390 [INFO] PluginManage:359 - Loaded plugin tutovideos (category:base,tabindex:-1)
2025-01-06 09:13:39,390 [INFO] PluginManage:310 - Check plugin updater
2025-01-06 09:13:39,412 [INFO] PluginManage:359 - Loaded plugin updater (category:base,tabindex:12)
2025-01-06 09:13:39,412 [INFO] PluginManage:310 - Check plugin userauth
2025-01-06 09:13:39,416 [INFO] UserAuth:118 - Init User Auth plugin
2025-01-06 09:13:39,417 [INFO] PluginManage:359 - Loaded plugin userauth (category:base,tabindex:14)
2025-01-06 09:13:39,417 [INFO] PluginManage:283 - PluginManage : Loaded plugins [18]
2025-01-06 09:13:39,709 [INFO] PinOutPanel:1589 - setPackage(No Configuration,No Configuration)
2025-01-06 09:13:39,795 [INFO] CADModel:165 - CPN selected for project level
2025-01-06 09:13:39,795 [INFO] CADModel:114 - Register for checkConnection events
2025-01-06 09:13:39,823 [INFO] IPUIPlugin:80 - create IPUIPlugin
2025-01-06 09:13:39,823 [INFO] PluginManager:220 - loadIPPluginJar : add adc
2025-01-06 09:13:39,874 [INFO] IPUIPlugin:80 - create IPUIPlugin
2025-01-06 09:13:39,874 [INFO] PluginManager:220 - loadIPPluginJar : add aes
2025-01-06 09:13:39,933 [INFO] IPUIPlugin:80 - create IPUIPlugin
2025-01-06 09:13:39,933 [INFO] PluginManager:220 - loadIPPluginJar : add can
2025-01-06 09:13:39,969 [INFO] IPUIPlugin:80 - create IPUIPlugin
2025-01-06 09:13:39,970 [INFO] PluginManager:220 - loadIPPluginJar : add comp
2025-01-06 09:13:40,015 [INFO] IPUIPlugin:80 - create IPUIPlugin
2025-01-06 09:13:40,015 [INFO] PluginManager:220 - loadIPPluginJar : add cryp
2025-01-06 09:13:40,030 [INFO] IPUIPlugin:80 - create IPUIPlugin
2025-01-06 09:13:40,031 [INFO] PluginManager:220 - loadIPPluginJar : add ddr_ctrl_phy
2025-01-06 09:13:40,068 [INFO] IPUIPlugin:80 - create IPUIPlugin
2025-01-06 09:13:40,068 [INFO] PluginManager:220 - loadIPPluginJar : add dfsdm
2025-01-06 09:13:40,084 [INFO] IPUIPlugin:80 - create IPUIPlugin
2025-01-06 09:13:40,085 [INFO] PluginManager:220 - loadIPPluginJar : add dma
2025-01-06 09:13:40,130 [INFO] IPUIPlugin:80 - create IPUIPlugin
2025-01-06 09:13:40,130 [INFO] PluginManager:220 - loadIPPluginJar : add dma3
2025-01-06 09:13:40,182 [INFO] IPUIPlugin:80 - create IPUIPlugin
2025-01-06 09:13:40,182 [INFO] PluginManager:220 - loadIPPluginJar : add extmemmanager
2025-01-06 09:13:40,209 [INFO] IPUIPlugin:80 - create IPUIPlugin
2025-01-06 09:13:40,209 [INFO] PluginManager:220 - loadIPPluginJar : add fatfs
2025-01-06 09:13:40,274 [INFO] IPUIPlugin:80 - create IPUIPlugin
2025-01-06 09:13:40,274 [INFO] PluginManager:220 - loadIPPluginJar : add fmc
2025-01-06 09:13:40,293 [INFO] IPUIPlugin:80 - create IPUIPlugin
2025-01-06 09:13:40,293 [INFO] PluginManager:220 - loadIPPluginJar : add freertos
2025-01-06 09:13:40,320 [INFO] IPUIPlugin:80 - create IPUIPlugin
2025-01-06 09:13:40,320 [INFO] PluginManager:220 - loadIPPluginJar : add genericplugin
2025-01-06 09:13:40,437 [INFO] IPUIPlugin:80 - create IPUIPlugin
2025-01-06 09:13:40,437 [INFO] PluginManager:220 - loadIPPluginJar : add gfxmmu
2025-01-06 09:13:40,615 [INFO] IPUIPlugin:80 - create IPUIPlugin
2025-01-06 09:13:40,615 [INFO] PluginManager:220 - loadIPPluginJar : add gic
2025-01-06 09:13:40,634 [INFO] IPUIPlugin:80 - create IPUIPlugin
2025-01-06 09:13:40,635 [INFO] PluginManager:220 - loadIPPluginJar : add gpio
2025-01-06 09:13:40,751 [INFO] IPUIPlugin:80 - create IPUIPlugin
2025-01-06 09:13:40,751 [INFO] PluginManager:220 - loadIPPluginJar : add gtzc
2025-01-06 09:13:40,792 [INFO] IPUIPlugin:80 - create IPUIPlugin
2025-01-06 09:13:40,792 [INFO] PluginManager:220 - loadIPPluginJar : add hash
2025-01-06 09:13:40,862 [INFO] IPUIPlugin:80 - create IPUIPlugin
2025-01-06 09:13:40,862 [INFO] PluginManager:220 - loadIPPluginJar : add i2c
2025-01-06 09:13:40,910 [INFO] IPUIPlugin:80 - create IPUIPlugin
2025-01-06 09:13:40,910 [INFO] PluginManager:220 - loadIPPluginJar : add i2s
2025-01-06 09:13:40,961 [INFO] IPUIPlugin:80 - create IPUIPlugin
2025-01-06 09:13:40,961 [INFO] PluginManager:220 - loadIPPluginJar : add i3c
2025-01-06 09:13:41,089 [INFO] IPUIPlugin:80 - create IPUIPlugin
2025-01-06 09:13:41,089 [INFO] PluginManager:220 - loadIPPluginJar : add ipddr
2025-01-06 09:13:41,227 [INFO] IPUIPlugin:80 - create IPUIPlugin
2025-01-06 09:13:41,228 [INFO] PluginManager:220 - loadIPPluginJar : add linkedlist
2025-01-06 09:13:41,282 [INFO] IPUIPlugin:80 - create IPUIPlugin
2025-01-06 09:13:41,282 [INFO] PluginManager:220 - loadIPPluginJar : add lorawan
2025-01-06 09:13:41,336 [INFO] IPUIPlugin:80 - create IPUIPlugin
2025-01-06 09:13:41,336 [INFO] PluginManager:220 - loadIPPluginJar : add ltdc
2025-01-06 09:13:41,355 [INFO] IPUIPlugin:80 - create IPUIPlugin
2025-01-06 09:13:41,355 [INFO] PluginManager:220 - loadIPPluginJar : add mdma
2025-01-06 09:13:41,372 [INFO] IPUIPlugin:80 - create IPUIPlugin
2025-01-06 09:13:41,372 [INFO] PluginManager:220 - loadIPPluginJar : add nvic
2025-01-06 09:13:41,423 [INFO] IPUIPlugin:80 - create IPUIPlugin
2025-01-06 09:13:41,423 [INFO] PluginManager:220 - loadIPPluginJar : add opamp
2025-01-06 09:13:41,510 [INFO] IPUIPlugin:80 - create IPUIPlugin
2025-01-06 09:13:41,511 [INFO] PluginManager:220 - loadIPPluginJar : add openamp
2025-01-06 09:13:41,569 [INFO] IPUIPlugin:80 - create IPUIPlugin
2025-01-06 09:13:41,570 [INFO] PluginManager:220 - loadIPPluginJar : add pdm2pcm
2025-01-06 09:13:41,587 [INFO] IPUIPlugin:80 - create IPUIPlugin
2025-01-06 09:13:41,589 [INFO] PluginManager:220 - loadIPPluginJar : add plateformsettings
2025-01-06 09:13:41,620 [INFO] IPUIPlugin:80 - create IPUIPlugin
2025-01-06 09:13:41,620 [INFO] PluginManager:220 - loadIPPluginJar : add quadspi
2025-01-06 09:13:41,654 [INFO] IPUIPlugin:80 - create IPUIPlugin
2025-01-06 09:13:41,655 [INFO] PluginManager:220 - loadIPPluginJar : add radio
2025-01-06 09:13:41,670 [INFO] IPUIPlugin:80 - create IPUIPlugin
2025-01-06 09:13:41,670 [INFO] PluginManager:220 - loadIPPluginJar : add resmgrutility
2025-01-06 09:13:41,725 [INFO] IPUIPlugin:80 - create IPUIPlugin
2025-01-06 09:13:41,726 [INFO] PluginManager:220 - loadIPPluginJar : add sai
2025-01-06 09:13:41,769 [INFO] IPUIPlugin:80 - create IPUIPlugin
2025-01-06 09:13:41,769 [INFO] PluginManager:220 - loadIPPluginJar : add spi
2025-01-06 09:13:41,849 [INFO] IPUIPlugin:80 - create IPUIPlugin
2025-01-06 09:13:41,849 [INFO] PluginManager:220 - loadIPPluginJar : add stm32_wpan
2025-01-06 09:13:41,880 [INFO] IPUIPlugin:80 - create IPUIPlugin
2025-01-06 09:13:41,880 [INFO] PluginManager:220 - loadIPPluginJar : add tim
2025-01-06 09:13:41,969 [INFO] IPUIPlugin:80 - create IPUIPlugin
2025-01-06 09:13:41,969 [INFO] PluginManager:220 - loadIPPluginJar : add touchsensing
2025-01-06 09:13:42,001 [INFO] IPUIPlugin:80 - create IPUIPlugin
2025-01-06 09:13:42,001 [INFO] PluginManager:220 - loadIPPluginJar : add tracer_emb
2025-01-06 09:13:42,034 [INFO] IPUIPlugin:80 - create IPUIPlugin
2025-01-06 09:13:42,035 [INFO] PluginManager:220 - loadIPPluginJar : add ts
2025-01-06 09:13:42,064 [INFO] IPUIPlugin:80 - create IPUIPlugin
2025-01-06 09:13:42,064 [INFO] PluginManager:220 - loadIPPluginJar : add tsc
2025-01-06 09:13:42,092 [INFO] IPUIPlugin:80 - create IPUIPlugin
2025-01-06 09:13:42,092 [INFO] PluginManager:220 - loadIPPluginJar : add ucpd
2025-01-06 09:13:42,127 [INFO] ThirdPartyUpdaterWithRetryManager:70 - Updater plugin not ready yet. [2/15]
2025-01-06 09:13:42,146 [INFO] IPUIPlugin:80 - create IPUIPlugin
2025-01-06 09:13:42,146 [INFO] PluginManager:220 - loadIPPluginJar : add usart
2025-01-06 09:13:42,199 [INFO] IPUIPlugin:80 - create IPUIPlugin
2025-01-06 09:13:42,200 [INFO] PluginManager:220 - loadIPPluginJar : add usbx
2025-01-06 09:13:42,328 [FATAL] Updater:351 - Updater called before beeing initialized
2025-01-06 09:13:42,352 [INFO] RulesReader:64 - Compatibility file has been processed (297 Rules)
2025-01-06 09:13:42,362 [INFO] RulesReader:64 - Compatibility file has been processed (297 Rules)
2025-01-06 09:13:42,370 [INFO] CADModel:165 - CPN selected for project level
2025-01-06 09:13:42,370 [INFO] CADModel:114 - Register for checkConnection events
2025-01-06 09:13:42,370 [FATAL] Updater:351 - Updater called before beeing initialized
2025-01-06 09:13:42,370 [ERROR] CADModel:125 - Updater not yet initialized, retry later 
2025-01-06 09:13:42,503 [FATAL] Updater:351 - Updater called before beeing initialized
2025-01-06 09:13:42,505 [INFO] CADModel:165 - CPN selected for project level
2025-01-06 09:13:42,505 [INFO] CADModel:114 - Register for checkConnection events
2025-01-06 09:13:42,505 [FATAL] Updater:351 - Updater called before beeing initialized
2025-01-06 09:13:42,505 [ERROR] CADModel:125 - Updater not yet initialized, retry later 
2025-01-06 09:13:42,508 [FATAL] Updater:351 - Updater called before beeing initialized
2025-01-06 09:13:42,618 [FATAL] Updater:351 - Updater called before beeing initialized
2025-01-06 09:13:42,630 [INFO] DbMcusAds:53 - JSON generation date=Tue Dec 17 16:01:15 WET 2024 (1734451275222)
2025-01-06 09:13:42,630 [FATAL] Updater:351 - Updater called before beeing initialized
2025-01-06 09:13:42,670 [WARN] DetailPanel:346 - Failed to get advertising image, set to default
2025-01-06 09:13:42,938 [FATAL] Updater:351 - Updater called before beeing initialized
2025-01-06 09:13:42,940 [FATAL] Updater:351 - Updater called before beeing initialized
2025-01-06 09:13:42,940 [FATAL] Updater:351 - Updater called before beeing initialized
2025-01-06 09:13:42,940 [WARN] DetailPanel:346 - Failed to get advertising image, set to default
2025-01-06 09:13:42,941 [FATAL] Updater:351 - Updater called before beeing initialized
2025-01-06 09:13:43,008 [ERROR] Updater:1198 - MainUpdater not yet initialized. External WinMGr cannot be set.
2025-01-06 09:13:43,022 [INFO] Updater:1134 - Updater Version found : 6.13.0
2025-01-06 09:13:43,040 [INFO] ApplicationProperties:184 - Using Application install path: C:\ST\STM32CubeIDE_1.17.0\STM32CubeIDE\plugins\com.st.stm32cube.common.mx_6.13.0.202411220809
2025-01-06 09:13:44,619 [ERROR] LogOutputStream:75 - [STDERR_REDIRECT] Jan 06, 2025 9:13:44 AM java.util.prefs.WindowsPreferences <init>
2025-01-06 09:13:44,621 [ERROR] LogOutputStream:75 - [STDERR_REDIRECT] WARNING: Could not open/create prefs root node Software\JavaSoft\Prefs at root 0xffffffff80000002. Windows RegCreateKeyEx(...) returned error code 5.
2025-01-06 09:13:44,621 [ERROR] LogOutputStream:75 - [STDERR_REDIRECT] 
2025-01-06 09:13:44,961 [INFO] MainUpdater:2872 - connection check result : 10
2025-01-06 09:13:44,962 [INFO] MainUpdater:289 - Updater Check For Update Now.
2025-01-06 09:13:44,962 [INFO] MicroXplorer:498 - Change Database Version : DB.6.0.130
2025-01-06 09:13:44,978 [INFO] McuFinderGlobals:63 - Set McuFinder mode to 2 (CubeIDE integrated)
2025-01-06 09:13:44,986 [INFO] UserAuth:486 - Internet connection configuration mode: 1
2025-01-06 09:13:45,015 [INFO] JxBrowserEngine:152 - Initiate JxBrowser Engine with user profile folder
2025-01-06 09:13:45,132 [WARN] MainUpdater:1193 - Updater busy. Cannot search thirdparties
2025-01-06 09:13:45,137 [INFO] ThirdPartyUpdaterWithRetryManager:96 - Updater plugin is busy. [1/15]
2025-01-06 09:13:45,269 [INFO] CheckServerUpdateThread:120 - End of CheckServer Thread
2025-01-06 09:13:47,408 [INFO] WebApp:168 - Instantiating new browser for Auth
2025-01-06 09:13:48,399 [WARN] PackLoader:240 - Cannot read IP mode file for STMicroelectronics.FP-SNS-MOTENVWB1.1.4.0
2025-01-06 09:13:48,417 [WARN] PackLoader:240 - Cannot read IP mode file for STMicroelectronics.FP-ATR-ASTRA1.2.0.1
2025-01-06 09:13:48,452 [WARN] PackLoader:240 - Cannot read IP mode file for STMicroelectronics.X-CUBE-SMBUS.2.1.0
2025-01-06 09:13:48,472 [WARN] PackLoader:240 - Cannot read IP mode file for STMicroelectronics.X-CUBE-WB05N.1.1.0
2025-01-06 09:13:48,524 [WARN] PackLoader:240 - Cannot read IP mode file for STMicroelectronics.X-CUBE-AZRTOS-F7.1.1.0
2025-01-06 09:13:48,609 [WARN] PackLoader:240 - Cannot read IP mode file for STMicroelectronics.X-CUBE-MEMS1.11.0.0
2025-01-06 09:13:48,775 [INFO] WebApp:449 - Apply proxy settings
2025-01-06 09:13:48,775 [INFO] WebApp:534 - Chromium requires no authentication
2025-01-06 09:13:48,790 [INFO] WebApp:477 - Direct internet connection detected
2025-01-06 09:13:48,819 [WARN] PackLoader:240 - Cannot read IP mode file for STMicroelectronics.FP-SNS-FLIGHT1.5.0.2
2025-01-06 09:13:48,857 [INFO] WebApp:880 - Register for checkConnection events
2025-01-06 09:13:48,857 [INFO] WebApp:449 - Apply proxy settings
2025-01-06 09:13:48,857 [INFO] WebApp:534 - Chromium requires no authentication
2025-01-06 09:13:48,858 [WARN] PackLoader:240 - Cannot read IP mode file for Infineon.AIROC-Wi-Fi-Bluetooth-STM32.1.7.0
2025-01-06 09:13:48,861 [INFO] WebApp:477 - Direct internet connection detected
2025-01-06 09:13:48,881 [WARN] PackLoader:240 - Cannot read IP mode file for STMicroelectronics.X-CUBE-DISPLAY.3.0.0
2025-01-06 09:13:48,910 [WARN] PackLoader:240 - Cannot read IP mode file for STMicroelectronics.X-CUBE-BLE1.7.0.0
2025-01-06 09:13:48,928 [WARN] PackLoader:240 - Cannot read IP mode file for STMicroelectronics.X-CUBE-NFC10.1.0.0
2025-01-06 09:13:48,948 [WARN] PackLoader:240 - Cannot read IP mode file for STMicroelectronics.X-CUBE-BLEMGR.4.0.0
2025-01-06 09:13:48,964 [WARN] PackLoader:240 - Cannot read IP mode file for emotas.I-CUBE-CANOPEN.1.3.0
2025-01-06 09:13:48,982 [WARN] PackLoader:240 - Cannot read IP mode file for STMicroelectronics.X-CUBE-BLEMGR.3.1.0
2025-01-06 09:13:48,998 [WARN] PackLoader:240 - Cannot read IP mode file for STMicroelectronics.FP-SNS-SMARTAG2.1.2.0
2025-01-06 09:13:49,132 [WARN] PackLoader:240 - Cannot read IP mode file for STMicroelectronics.X-CUBE-MEMS1.11.1.0
2025-01-06 09:13:49,332 [INFO] LogOutputStream:77 - [STDOUT_REDIRECT] 1 : Invalid condition id : UX_CORESTACK_Condition cause : null
2025-01-06 09:13:49,333 [INFO] LogOutputStream:77 - [STDOUT_REDIRECT] 1 : Invalid condition id : UX_CORESTACK_Condition cause : null
2025-01-06 09:13:49,334 [INFO] LogOutputStream:77 - [STDOUT_REDIRECT] 1 : Invalid condition id : UX_CORESTACK_Condition cause : null
2025-01-06 09:13:49,335 [INFO] LogOutputStream:77 - [STDOUT_REDIRECT] 1 : Invalid condition id : UX_CORESTACK_Condition cause : null
2025-01-06 09:13:49,336 [INFO] LogOutputStream:77 - [STDOUT_REDIRECT] 1 : Invalid condition id : UX_CORESTACK_Condition cause : null
2025-01-06 09:13:49,339 [WARN] PackLoader:240 - Cannot read IP mode file for STMicroelectronics.X-CUBE-AZRTOS-WL.2.0.0
2025-01-06 09:13:49,355 [WARN] PackLoader:240 - Cannot read IP mode file for STMicroelectronics.FP-SNS-MOTENV1.5.0.0
2025-01-06 09:13:49,372 [WARN] PackLoader:240 - Cannot read IP mode file for wolfSSL.I-CUBE-wolfMQTT.1.19.0
2025-01-06 09:13:49,391 [WARN] PackLoader:240 - Cannot read IP mode file for WES.I-CUBE-Cesium.1.3.0
2025-01-06 09:13:49,409 [WARN] PackLoader:240 - Cannot read IP mode file for STMicroelectronics.X-CUBE-BLE2.3.3.0
2025-01-06 09:13:49,426 [WARN] PackLoader:240 - Cannot read IP mode file for STMicroelectronics.X-CUBE-NFC9.1.0.0
2025-01-06 09:13:49,442 [WARN] PackLoader:240 - Cannot read IP mode file for STMicroelectronics.X-CUBE-TCPP.4.1.0
2025-01-06 09:13:49,473 [WARN] PackLoader:240 - Cannot read IP mode file for STMicroelectronics.X-CUBE-AZRTOS-G0.1.1.0
2025-01-06 09:13:49,493 [WARN] PackLoader:240 - Cannot read IP mode file for STMicroelectronics.X-CUBE-SAFEA1.1.2.2
2025-01-06 09:13:49,510 [WARN] PackLoader:240 - Cannot read IP mode file for STMicroelectronics.X-CUBE-NFC4.3.0.0
2025-01-06 09:13:49,551 [WARN] PackLoader:240 - Cannot read IP mode file for EmbeddedOffice.I-CUBE-FS-RTOS.1.0.1
2025-01-06 09:13:49,568 [WARN] PackLoader:240 - Cannot read IP mode file for STMicroelectronics.X-CUBE-TCPP.4.2.0
2025-01-06 09:13:49,569 [INFO] WebApp:221 - Starting web application
2025-01-06 09:13:49,569 [INFO] WebApp:579 - Web application path used C:\ST\STM32CubeIDE_1.17.0\STM32CubeIDE\plugins\com.st.stm32cube.common.mx_6.13.0.202411220809\db\plugins\mcufinder\reactClient1\index.html
2025-01-06 09:13:49,586 [WARN] PackLoader:240 - Cannot read IP mode file for RealThread.X-CUBE-RT-Thread_Nano.4.1.1
2025-01-06 09:13:49,602 [WARN] PackLoader:240 - Cannot read IP mode file for STMicroelectronics.FP-ATR-SIGFOX1.3.2.0
2025-01-06 09:13:49,618 [WARN] ConditionMgr:438 - getConditionDescription Invalid condition id : Cortex-A Device cause : null
2025-01-06 09:13:49,640 [WARN] ConditionMgr:1044 - genDependencies : Invalid condition id : Cortex-A Device cause : null
2025-01-06 09:13:49,640 [WARN] ConditionMgr:1044 - genDependencies : Invalid condition id : Cortex-A Device cause : null
2025-01-06 09:13:49,640 [WARN] ConditionMgr:1044 - genDependencies : Invalid condition id : Cortex-A Device cause : null
2025-01-06 09:13:49,657 [WARN] PackLoader:240 - Cannot read IP mode file for STMicroelectronics.X-CUBE-EEPRMA1.5.1.0
2025-01-06 09:13:49,672 [WARN] PackLoader:240 - Cannot read IP mode file for wolfSSL.I-CUBE-wolfSSL.5.7.4
2025-01-06 09:13:49,690 [WARN] PackLoader:240 - Cannot read IP mode file for ITTIA_DB.I-CUBE-ITTIADB.8.9.0
2025-01-06 09:13:49,732 [WARN] PackLoader:240 - Cannot read IP mode file for SEGGER.I-CUBE-embOS.1.3.1
2025-01-06 09:13:49,795 [WARN] PackLoader:240 - Cannot read IP mode file for STMicroelectronics.X-CUBE-ALGOBUILD.1.4.0
2025-01-06 09:13:49,812 [WARN] PackLoader:240 - Cannot read IP mode file for STMicroelectronics.X-CUBE-AI.9.1.0
2025-01-06 09:13:49,844 [WARN] PackLoader:240 - Cannot read IP mode file for STMicroelectronics.X-CUBE-AZRTOS-F4.1.1.0
2025-01-06 09:13:49,860 [WARN] PackLoader:240 - Cannot read IP mode file for STMicroelectronics.X-CUBE-ISPU.2.1.0
2025-01-06 09:13:49,874 [WARN] PackLoader:240 - Cannot read IP mode file for STMicroelectronics.X-CUBE-FREERTOS.1.2.0
2025-01-06 09:13:49,904 [WARN] PackLoader:240 - Cannot read IP mode file for STMicroelectronics.X-CUBE-AZRTOS-L5.2.0.0
2025-01-06 09:13:49,924 [WARN] PackLoader:240 - Cannot read IP mode file for STMicroelectronics.X-CUBE-NFC6.3.1.0
2025-01-06 09:13:49,940 [WARN] PackLoader:240 - Cannot read IP mode file for STMicroelectronics.X-CUBE-DPower.1.2.0
2025-01-06 09:13:49,954 [WARN] PackLoader:240 - Cannot read IP mode file for STMicroelectronics.X-CUBE-FREERTOS.1.3.0
2025-01-06 09:13:49,970 [WARN] PackLoader:240 - Cannot read IP mode file for STMicroelectronics.X-CUBE-NFC7.1.0.1
2025-01-06 09:13:49,999 [WARN] ConditionMgr:438 - getConditionDescription Invalid condition id : LAN8742 Phy interface Condition cause : null
2025-01-06 09:13:50,000 [WARN] PackLoader:240 - Cannot read IP mode file for STMicroelectronics.X-CUBE-AZRTOS-L4.2.0.0
2025-01-06 09:13:50,001 [WARN] ConditionMgr:1044 - genDependencies : Invalid condition id : LAN8742 Phy interface Condition cause : null
2025-01-06 09:13:50,001 [WARN] ConditionMgr:1044 - genDependencies : Invalid condition id : LAN8742 Phy interface Condition cause : null
2025-01-06 09:13:50,001 [WARN] ConditionMgr:1044 - genDependencies : Invalid condition id : LAN8742 Phy interface Condition cause : null
2025-01-06 09:13:50,020 [WARN] PackLoader:240 - Cannot read IP mode file for STMicroelectronics.X-CUBE-SFXS2LP1.4.0.0
2025-01-06 09:13:50,071 [WARN] PackLoader:240 - Cannot read IP mode file for STMicroelectronics.X-CUBE-AZRTOS-H7.3.3.0
2025-01-06 09:13:50,092 [WARN] PackLoader:240 - Cannot read IP mode file for STMicroelectronics.X-CUBE-IPS.3.0.0
2025-01-06 09:13:50,144 [WARN] ConditionMgr:438 - getConditionDescription Invalid condition id : UX DEVICE CLASS RTOS Condition cause : null
2025-01-06 09:13:50,144 [WARN] ConditionMgr:438 - getConditionDescription Invalid condition id : UX DEVICE CLASS RTOS Condition cause : null
2025-01-06 09:13:50,146 [WARN] PackLoader:240 - Cannot read IP mode file for STMicroelectronics.X-CUBE-AZRTOS-WB.2.0.0
2025-01-06 09:13:50,147 [WARN] ConditionMgr:1044 - genDependencies : Invalid condition id : UX DEVICE CLASS RTOS Condition cause : null
2025-01-06 09:13:50,147 [WARN] ConditionMgr:1044 - genDependencies : Invalid condition id : UX DEVICE CLASS RTOS Condition cause : null
2025-01-06 09:13:50,147 [WARN] ConditionMgr:1044 - genDependencies : Invalid condition id : UX DEVICE CLASS RTOS Condition cause : null
2025-01-06 09:13:50,147 [WARN] ConditionMgr:1044 - genDependencies : Invalid condition id : UX DEVICE CLASS RTOS Condition cause : null
2025-01-06 09:13:50,147 [WARN] ConditionMgr:1044 - genDependencies : Invalid condition id : UX DEVICE CLASS RTOS Condition cause : null
2025-01-06 09:13:50,164 [WARN] PackLoader:240 - Cannot read IP mode file for STMicroelectronics.X-CUBE-GNSS1.7.0.0
2025-01-06 09:13:50,180 [WARN] PackLoader:240 - Cannot read IP mode file for STMicroelectronics.X-CUBE-GNSS1.7.0.1
2025-01-06 09:13:50,197 [WARN] PackLoader:240 - Cannot read IP mode file for STMicroelectronics.FP-SNS-STBOX1.2.0.0
2025-01-06 09:13:50,221 [WARN] PackLoader:240 - Cannot read IP mode file for STMicroelectronics.X-CUBE-SUBG2.5.0.0
2025-01-06 09:13:50,240 [WARN] PackLoader:240 - Cannot read IP mode file for Cesanta.I-CUBE-Mongoose.7.13.0
2025-01-06 09:13:50,313 [INFO] UserAuth:486 - Internet connection configuration mode: 1
2025-01-06 09:13:50,325 [WARN] PackLoader:240 - Cannot read IP mode file for STMicroelectronics.X-CUBE-AZRTOS-G4.2.0.0
2025-01-06 09:13:50,343 [WARN] PackLoader:240 - Cannot read IP mode file for STMicroelectronics.X-CUBE-ALS.1.0.2
2025-01-06 09:13:50,361 [WARN] PackLoader:240 - Cannot read IP mode file for STMicroelectronics.X-CUBE-TOUCHGFX.4.24.1
2025-01-06 09:13:50,375 [WARN] PackLoader:240 - Cannot read IP mode file for wolfSSL.I-CUBE-wolfTPM.3.4.0
2025-01-06 09:13:50,391 [WARN] PackLoader:240 - Cannot read IP mode file for portGmbH.I-Cube-SoM-uGOAL.1.1.0
2025-01-06 09:13:50,458 [WARN] PackLoader:240 - Cannot read IP mode file for STMicroelectronics.X-CUBE-AZRTOS-H7RS.1.0.0
2025-01-06 09:13:50,480 [WARN] PackLoader:240 - Cannot read IP mode file for STMicroelectronics.X-CUBE-TOF1.3.4.2
2025-01-06 09:13:50,500 [WARN] PackLoader:240 - Cannot read IP mode file for wolfSSL.I-CUBE-wolfSSH.1.4.17
2025-01-06 09:13:50,500 [INFO] ThirdParty:978 - Integrity check success = true
2025-01-06 09:13:50,501 [INFO] IntegrityCheckThread:100 - exiting critical section [integrity check]
2025-01-06 09:13:50,501 [INFO] IntegrityCheckThread:103 - End integrity checks thread
2025-01-06 09:13:50,925 [INFO] WebApp:187 - Connection restablished
2025-01-06 09:13:53,395 [INFO] WebApp:190 - Connection lost
2025-01-06 09:13:53,523 [INFO] WebApp:187 - Connection restablished
2025-01-06 09:22:57,079 [ERROR] LogOutputStream:75 - [STDERR_REDIRECT] 
2025-01-06 09:22:57,080 [ERROR] LogOutputStream:75 - [STDERR_REDIRECT] 
